<testsuites id="" name="" tests="72" failures="0" skipped="39" errors="0" time="26.365185">
<testsuite name="01-authentication/login.spec.ts" timestamp="2025-07-25T16:58:14.791Z" hostname="Desktop Chrome" tests="5" failures="0" skipped="0" time="10.142" errors="0">
<testcase name="Authentication › Login with valid credentials" classname="01-authentication/login.spec.ts" time="3.098">
</testcase>
<testcase name="Authentication › Login with invalid credentials shows error" classname="01-authentication/login.spec.ts" time="1.032">
</testcase>
<testcase name="Authentication › Login form validation" classname="01-authentication/login.spec.ts" time="0.807">
</testcase>
<testcase name="Authentication › JWT token is stored after login" classname="01-authentication/login.spec.ts" time="2.755">
</testcase>
<testcase name="Authentication › Logout clears session" classname="01-authentication/login.spec.ts" time="2.45">
</testcase>
</testsuite>
<testsuite name="02-employee-workflows/vacation-request-lifecycle.spec.ts" timestamp="2025-07-25T16:58:14.791Z" hostname="Desktop Chrome" tests="7" failures="0" skipped="4" time="9.339" errors="0">
<testcase name="Vacation Request Lifecycle › Can navigate to request form" classname="02-employee-workflows/vacation-request-lifecycle.spec.ts" time="2.66">
</testcase>
<testcase name="Vacation Request Lifecycle › Form displays correctly" classname="02-employee-workflows/vacation-request-lifecycle.spec.ts" time="2.256">
</testcase>
<testcase name="Vacation Request Lifecycle › Can fill and submit form" classname="02-employee-workflows/vacation-request-lifecycle.spec.ts" time="4.423">
</testcase>
<testcase name="Vacation Request Lifecycle › Edit pending vacation request - NOT IMPLEMENTED" classname="02-employee-workflows/vacation-request-lifecycle.spec.ts" time="0">
<properties>
<property name="skip" value="">
</property>
</properties>
<skipped>
</skipped>
</testcase>
<testcase name="Vacation Request Lifecycle › Cancel approved request - NOT IMPLEMENTED" classname="02-employee-workflows/vacation-request-lifecycle.spec.ts" time="0">
<properties>
<property name="skip" value="">
</property>
</properties>
<skipped>
</skipped>
</testcase>
<testcase name="Vacation Request Lifecycle › Request validation - PARTIAL IMPLEMENTATION" classname="02-employee-workflows/vacation-request-lifecycle.spec.ts" time="0">
<properties>
<property name="skip" value="">
</property>
</properties>
<skipped>
</skipped>
</testcase>
<testcase name="Vacation Request Lifecycle › View request history - NOT IMPLEMENTED" classname="02-employee-workflows/vacation-request-lifecycle.spec.ts" time="0">
<properties>
<property name="skip" value="">
</property>
</properties>
<skipped>
</skipped>
</testcase>
</testsuite>
<testsuite name="03-manager-workflows/dashboard-performance.spec.ts" timestamp="2025-07-25T16:58:14.791Z" hostname="Desktop Chrome" tests="7" failures="0" skipped="4" time="8.361" errors="0">
<testcase name="Manager Dashboard › Can navigate to manager dashboard" classname="03-manager-workflows/dashboard-performance.spec.ts" time="2.757">
</testcase>
<testcase name="Manager Dashboard › Dashboard displays without errors" classname="03-manager-workflows/dashboard-performance.spec.ts" time="2.57">
</testcase>
<testcase name="Manager Dashboard › Has dashboard elements" classname="03-manager-workflows/dashboard-performance.spec.ts" time="3.034">
</testcase>
<testcase name="Manager Dashboard › Dashboard loads in under 1 second - UNREALISTIC" classname="03-manager-workflows/dashboard-performance.spec.ts" time="0">
<properties>
<property name="skip" value="">
</property>
</properties>
<skipped>
</skipped>
</testcase>
<testcase name="Manager Dashboard › Handles large team data efficiently - NOT TESTED" classname="03-manager-workflows/dashboard-performance.spec.ts" time="0">
<properties>
<property name="skip" value="">
</property>
</properties>
<skipped>
</skipped>
</testcase>
<testcase name="Manager Dashboard › KPI metrics load without blocking - COMPLEX" classname="03-manager-workflows/dashboard-performance.spec.ts" time="0">
<properties>
<property name="skip" value="">
</property>
</properties>
<skipped>
</skipped>
</testcase>
<testcase name="Manager Dashboard › Pending requests section - NOT IMPLEMENTED" classname="03-manager-workflows/dashboard-performance.spec.ts" time="0">
<properties>
<property name="skip" value="">
</property>
</properties>
<skipped>
</skipped>
</testcase>
</testsuite>
<testsuite name="04-mobile-experience/offline-mode.spec.ts" timestamp="2025-07-25T16:58:14.791Z" hostname="Desktop Chrome" tests="5" failures="0" skipped="5" time="0" errors="0">
<testcase name="Mobile Offline Mode › Queue requests when offline" classname="04-mobile-experience/offline-mode.spec.ts" time="0">
<properties>
<property name="skip" value="">
</property>
</properties>
<skipped>
</skipped>
</testcase>
<testcase name="Mobile Offline Mode › View cached schedule data offline" classname="04-mobile-experience/offline-mode.spec.ts" time="0">
<properties>
<property name="skip" value="">
</property>
</properties>
<skipped>
</skipped>
</testcase>
<testcase name="Mobile Offline Mode › Conflict resolution when syncing" classname="04-mobile-experience/offline-mode.spec.ts" time="0">
<properties>
<property name="skip" value="">
</property>
</properties>
<skipped>
</skipped>
</testcase>
<testcase name="Mobile Offline Mode › PWA installation prompt" classname="04-mobile-experience/offline-mode.spec.ts" time="0">
<properties>
<property name="skip" value="">
</property>
</properties>
<skipped>
</skipped>
</testcase>
<testcase name="Mobile Offline Mode › Background sync for notifications" classname="04-mobile-experience/offline-mode.spec.ts" time="0">
<properties>
<property name="skip" value="">
</property>
</properties>
<skipped>
</skipped>
</testcase>
</testsuite>
<testsuite name="01-authentication/login.spec.ts" timestamp="2025-07-25T16:58:14.791Z" hostname="Mobile Safari" tests="5" failures="0" skipped="0" time="12.628" errors="0">
<testcase name="Authentication › Login with valid credentials" classname="01-authentication/login.spec.ts" time="3.972">
</testcase>
<testcase name="Authentication › Login with invalid credentials shows error" classname="01-authentication/login.spec.ts" time="1.673">
</testcase>
<testcase name="Authentication › Login form validation" classname="01-authentication/login.spec.ts" time="1.274">
</testcase>
<testcase name="Authentication › JWT token is stored after login" classname="01-authentication/login.spec.ts" time="3.027">
</testcase>
<testcase name="Authentication › Logout clears session" classname="01-authentication/login.spec.ts" time="2.682">
</testcase>
</testsuite>
<testsuite name="02-employee-workflows/vacation-request-lifecycle.spec.ts" timestamp="2025-07-25T16:58:14.791Z" hostname="Mobile Safari" tests="7" failures="0" skipped="4" time="10.326" errors="0">
<testcase name="Vacation Request Lifecycle › Can navigate to request form" classname="02-employee-workflows/vacation-request-lifecycle.spec.ts" time="3.252">
</testcase>
<testcase name="Vacation Request Lifecycle › Form displays correctly" classname="02-employee-workflows/vacation-request-lifecycle.spec.ts" time="2.612">
</testcase>
<testcase name="Vacation Request Lifecycle › Can fill and submit form" classname="02-employee-workflows/vacation-request-lifecycle.spec.ts" time="4.462">
</testcase>
<testcase name="Vacation Request Lifecycle › Edit pending vacation request - NOT IMPLEMENTED" classname="02-employee-workflows/vacation-request-lifecycle.spec.ts" time="0">
<properties>
<property name="skip" value="">
</property>
</properties>
<skipped>
</skipped>
</testcase>
<testcase name="Vacation Request Lifecycle › Cancel approved request - NOT IMPLEMENTED" classname="02-employee-workflows/vacation-request-lifecycle.spec.ts" time="0">
<properties>
<property name="skip" value="">
</property>
</properties>
<skipped>
</skipped>
</testcase>
<testcase name="Vacation Request Lifecycle › Request validation - PARTIAL IMPLEMENTATION" classname="02-employee-workflows/vacation-request-lifecycle.spec.ts" time="0">
<properties>
<property name="skip" value="">
</property>
</properties>
<skipped>
</skipped>
</testcase>
<testcase name="Vacation Request Lifecycle › View request history - NOT IMPLEMENTED" classname="02-employee-workflows/vacation-request-lifecycle.spec.ts" time="0">
<properties>
<property name="skip" value="">
</property>
</properties>
<skipped>
</skipped>
</testcase>
</testsuite>
<testsuite name="03-manager-workflows/dashboard-performance.spec.ts" timestamp="2025-07-25T16:58:14.791Z" hostname="Mobile Safari" tests="7" failures="0" skipped="4" time="9.213" errors="0">
<testcase name="Manager Dashboard › Can navigate to manager dashboard" classname="03-manager-workflows/dashboard-performance.spec.ts" time="2.942">
</testcase>
<testcase name="Manager Dashboard › Dashboard displays without errors" classname="03-manager-workflows/dashboard-performance.spec.ts" time="3.139">
</testcase>
<testcase name="Manager Dashboard › Has dashboard elements" classname="03-manager-workflows/dashboard-performance.spec.ts" time="3.132">
</testcase>
<testcase name="Manager Dashboard › Dashboard loads in under 1 second - UNREALISTIC" classname="03-manager-workflows/dashboard-performance.spec.ts" time="0">
<properties>
<property name="skip" value="">
</property>
</properties>
<skipped>
</skipped>
</testcase>
<testcase name="Manager Dashboard › Handles large team data efficiently - NOT TESTED" classname="03-manager-workflows/dashboard-performance.spec.ts" time="0">
<properties>
<property name="skip" value="">
</property>
</properties>
<skipped>
</skipped>
</testcase>
<testcase name="Manager Dashboard › KPI metrics load without blocking - COMPLEX" classname="03-manager-workflows/dashboard-performance.spec.ts" time="0">
<properties>
<property name="skip" value="">
</property>
</properties>
<skipped>
</skipped>
</testcase>
<testcase name="Manager Dashboard › Pending requests section - NOT IMPLEMENTED" classname="03-manager-workflows/dashboard-performance.spec.ts" time="0">
<properties>
<property name="skip" value="">
</property>
</properties>
<skipped>
</skipped>
</testcase>
</testsuite>
<testsuite name="04-mobile-experience/offline-mode.spec.ts" timestamp="2025-07-25T16:58:14.791Z" hostname="Mobile Safari" tests="5" failures="0" skipped="5" time="0" errors="0">
<testcase name="Mobile Offline Mode › Queue requests when offline" classname="04-mobile-experience/offline-mode.spec.ts" time="0">
<properties>
<property name="skip" value="">
</property>
</properties>
<skipped>
</skipped>
</testcase>
<testcase name="Mobile Offline Mode › View cached schedule data offline" classname="04-mobile-experience/offline-mode.spec.ts" time="0">
<properties>
<property name="skip" value="">
</property>
</properties>
<skipped>
</skipped>
</testcase>
<testcase name="Mobile Offline Mode › Conflict resolution when syncing" classname="04-mobile-experience/offline-mode.spec.ts" time="0">
<properties>
<property name="skip" value="">
</property>
</properties>
<skipped>
</skipped>
</testcase>
<testcase name="Mobile Offline Mode › PWA installation prompt" classname="04-mobile-experience/offline-mode.spec.ts" time="0">
<properties>
<property name="skip" value="">
</property>
</properties>
<skipped>
</skipped>
</testcase>
<testcase name="Mobile Offline Mode › Background sync for notifications" classname="04-mobile-experience/offline-mode.spec.ts" time="0">
<properties>
<property name="skip" value="">
</property>
</properties>
<skipped>
</skipped>
</testcase>
</testsuite>
<testsuite name="01-authentication/login.spec.ts" timestamp="2025-07-25T16:58:14.791Z" hostname="Performance" tests="5" failures="0" skipped="0" time="8.878" errors="0">
<testcase name="Authentication › Login with valid credentials" classname="01-authentication/login.spec.ts" time="2.617">
</testcase>
<testcase name="Authentication › Login with invalid credentials shows error" classname="01-authentication/login.spec.ts" time="0.63">
</testcase>
<testcase name="Authentication › Login form validation" classname="01-authentication/login.spec.ts" time="0.796">
</testcase>
<testcase name="Authentication › JWT token is stored after login" classname="01-authentication/login.spec.ts" time="2.499">
</testcase>
<testcase name="Authentication › Logout clears session" classname="01-authentication/login.spec.ts" time="2.336">
</testcase>
</testsuite>
<testsuite name="02-employee-workflows/vacation-request-lifecycle.spec.ts" timestamp="2025-07-25T16:58:14.791Z" hostname="Performance" tests="7" failures="0" skipped="4" time="8.879" errors="0">
<testcase name="Vacation Request Lifecycle › Can navigate to request form" classname="02-employee-workflows/vacation-request-lifecycle.spec.ts" time="2.653">
</testcase>
<testcase name="Vacation Request Lifecycle › Form displays correctly" classname="02-employee-workflows/vacation-request-lifecycle.spec.ts" time="2.061">
</testcase>
<testcase name="Vacation Request Lifecycle › Can fill and submit form" classname="02-employee-workflows/vacation-request-lifecycle.spec.ts" time="4.165">
</testcase>
<testcase name="Vacation Request Lifecycle › Edit pending vacation request - NOT IMPLEMENTED" classname="02-employee-workflows/vacation-request-lifecycle.spec.ts" time="0">
<properties>
<property name="skip" value="">
</property>
</properties>
<skipped>
</skipped>
</testcase>
<testcase name="Vacation Request Lifecycle › Cancel approved request - NOT IMPLEMENTED" classname="02-employee-workflows/vacation-request-lifecycle.spec.ts" time="0">
<properties>
<property name="skip" value="">
</property>
</properties>
<skipped>
</skipped>
</testcase>
<testcase name="Vacation Request Lifecycle › Request validation - PARTIAL IMPLEMENTATION" classname="02-employee-workflows/vacation-request-lifecycle.spec.ts" time="0">
<properties>
<property name="skip" value="">
</property>
</properties>
<skipped>
</skipped>
</testcase>
<testcase name="Vacation Request Lifecycle › View request history - NOT IMPLEMENTED" classname="02-employee-workflows/vacation-request-lifecycle.spec.ts" time="0">
<properties>
<property name="skip" value="">
</property>
</properties>
<skipped>
</skipped>
</testcase>
</testsuite>
<testsuite name="03-manager-workflows/dashboard-performance.spec.ts" timestamp="2025-07-25T16:58:14.791Z" hostname="Performance" tests="7" failures="0" skipped="4" time="7.937" errors="0">
<testcase name="Manager Dashboard › Can navigate to manager dashboard" classname="03-manager-workflows/dashboard-performance.spec.ts" time="2.664">
</testcase>
<testcase name="Manager Dashboard › Dashboard displays without errors" classname="03-manager-workflows/dashboard-performance.spec.ts" time="2.584">
</testcase>
<testcase name="Manager Dashboard › Has dashboard elements" classname="03-manager-workflows/dashboard-performance.spec.ts" time="2.689">
</testcase>
<testcase name="Manager Dashboard › Dashboard loads in under 1 second - UNREALISTIC" classname="03-manager-workflows/dashboard-performance.spec.ts" time="0">
<properties>
<property name="skip" value="">
</property>
</properties>
<skipped>
</skipped>
</testcase>
<testcase name="Manager Dashboard › Handles large team data efficiently - NOT TESTED" classname="03-manager-workflows/dashboard-performance.spec.ts" time="0">
<properties>
<property name="skip" value="">
</property>
</properties>
<skipped>
</skipped>
</testcase>
<testcase name="Manager Dashboard › KPI metrics load without blocking - COMPLEX" classname="03-manager-workflows/dashboard-performance.spec.ts" time="0">
<properties>
<property name="skip" value="">
</property>
</properties>
<skipped>
</skipped>
</testcase>
<testcase name="Manager Dashboard › Pending requests section - NOT IMPLEMENTED" classname="03-manager-workflows/dashboard-performance.spec.ts" time="0">
<properties>
<property name="skip" value="">
</property>
</properties>
<skipped>
</skipped>
</testcase>
</testsuite>
<testsuite name="04-mobile-experience/offline-mode.spec.ts" timestamp="2025-07-25T16:58:14.791Z" hostname="Performance" tests="5" failures="0" skipped="5" time="0" errors="0">
<testcase name="Mobile Offline Mode › Queue requests when offline" classname="04-mobile-experience/offline-mode.spec.ts" time="0">
<properties>
<property name="skip" value="">
</property>
</properties>
<skipped>
</skipped>
</testcase>
<testcase name="Mobile Offline Mode › View cached schedule data offline" classname="04-mobile-experience/offline-mode.spec.ts" time="0">
<properties>
<property name="skip" value="">
</property>
</properties>
<skipped>
</skipped>
</testcase>
<testcase name="Mobile Offline Mode › Conflict resolution when syncing" classname="04-mobile-experience/offline-mode.spec.ts" time="0">
<properties>
<property name="skip" value="">
</property>
</properties>
<skipped>
</skipped>
</testcase>
<testcase name="Mobile Offline Mode › PWA installation prompt" classname="04-mobile-experience/offline-mode.spec.ts" time="0">
<properties>
<property name="skip" value="">
</property>
</properties>
<skipped>
</skipped>
</testcase>
<testcase name="Mobile Offline Mode › Background sync for notifications" classname="04-mobile-experience/offline-mode.spec.ts" time="0">
<properties>
<property name="skip" value="">
</property>
</properties>
<skipped>
</skipped>
</testcase>
</testsuite>
</testsuites>